-- The C compiler identification is GNU 11.4.0
-- The CXX compiler identification is GNU 11.4.0
-- Detecting C compiler ABI info
-- Detecting C compiler ABI info - done
-- Check for working C compiler: /usr/bin/cc - skipped
-- Detecting C compile features
-- Detecting C compile features - done
-- Detecting CXX compiler ABI info
-- Detecting CXX compiler ABI info - done
-- Check for working CXX compiler: /usr/bin/c++ - skipped
-- Detecting CXX compile features
-- Detecting CXX compile features - done
-- Found ament_cmake: 1.3.12 (/opt/ros/humble/share/ament_cmake/cmake)
-- Found Python3: /usr/bin/python3 (found version "3.10.12") found components: Interpreter 
-- Found std_msgs: 4.9.0 (/opt/ros/humble/share/std_msgs/cmake)
-- Found rosidl_generator_c: 3.1.7 (/opt/ros/humble/share/rosidl_generator_c/cmake)
-- Found rosidl_adapter: 3.1.7 (/opt/ros/humble/share/rosidl_adapter/cmake)
-- Found rosidl_generator_cpp: 3.1.7 (/opt/ros/humble/share/rosidl_generator_cpp/cmake)
-- Using all available rosidl_typesupport_c: rosidl_typesupport_fastrtps_c;rosidl_typesupport_introspection_c
-- Using all available rosidl_typesupport_cpp: rosidl_typesupport_fastrtps_cpp;rosidl_typesupport_introspection_cpp
-- Found geometry_msgs: 4.9.0 (/opt/ros/humble/share/geometry_msgs/cmake)
-- Found tf2: 0.25.17 (/opt/ros/humble/share/tf2/cmake)
-- Found tf2_ros: 0.25.17 (/opt/ros/humble/share/tf2_ros/cmake)
-- Found rmw_implementation_cmake: 6.1.2 (/opt/ros/humble/share/rmw_implementation_cmake/cmake)
-- Found rmw_fastrtps_cpp: 6.2.9 (/opt/ros/humble/share/rmw_fastrtps_cpp/cmake)
-- Found OpenSSL: /usr/lib/x86_64-linux-gnu/libcrypto.so (found version "3.0.2")  
-- Found FastRTPS: /opt/ros/humble/include  
-- Using RMW implementation 'rmw_fastrtps_cpp' as default
-- Looking for pthread.h
-- Looking for pthread.h - found
-- Performing Test CMAKE_HAVE_LIBC_PTHREAD
-- Performing Test CMAKE_HAVE_LIBC_PTHREAD - Success
-- Found Threads: TRUE  
-- Configuring done
-- Generating done
-- Build files have been written to: /home/jeevan/Developer/Soft-Robotic-Arm/build/arm_vrpn_pubsub
[ 50%] [32mBuilding CXX object CMakeFiles/arm_mocap_pubsub.dir/src/arm_mocap_pubsub.cpp.o[0m
[01m[K/home/jeevan/Developer/Soft-Robotic-Arm/colcon_ws/src/arm_vrpn-main/src/arm_mocap_pubsub.cpp:[m[K In member function ‘[01m[Kvoid Mocapzmq_pub::topic_callback1(geometry_msgs::msg::PoseStamped_<std::allocator<void> >::SharedPtr)[m[K’:
[01m[K/home/jeevan/Developer/Soft-Robotic-Arm/colcon_ws/src/arm_vrpn-main/src/arm_mocap_pubsub.cpp:86:21:[m[K [01;35m[Kwarning: [m[K‘[01m[Kbool zmq::detail::socket_base::send(zmq::message_t&, int)[m[K’ is deprecated: from 4.3.1, use send taking message_t and send_flags [[01;35m[K]8;;https://gcc.gnu.org/onlinedocs/gcc/Warning-Options.html#index-Wdeprecated-declarations-Wdeprecated-declarations]8;;[m[K]
   86 |       [01;35m[Kpublisher.send(message)[m[K;
      |       [01;35m[K~~~~~~~~~~~~~~^~~~~~~~~[m[K
In file included from [01m[K/home/jeevan/Developer/Soft-Robotic-Arm/colcon_ws/src/arm_vrpn-main/src/arm_mocap_pubsub.cpp:10[m[K:
[01m[K/usr/local/include/zmq.hpp:1928:10:[m[K [01;36m[Knote: [m[Kdeclared here
 1928 |     bool [01;36m[Ksend[m[K(message_t &msg_,
      |          [01;36m[K^~~~[m[K
[01m[K/home/jeevan/Developer/Soft-Robotic-Arm/colcon_ws/src/arm_vrpn-main/src/arm_mocap_pubsub.cpp:73:13:[m[K [01;35m[Kwarning: [m[Kunused variable ‘[01m[Kdata[m[K’ [[01;35m[K]8;;https://gcc.gnu.org/onlinedocs/gcc/Warning-Options.html#index-Wunused-variable-Wunused-variable]8;;[m[K]
   73 |       float [01;35m[Kdata[m[K[21] = {x1_mocap,y1_mocap,z1_mocap,
      |             [01;35m[K^~~~[m[K
[100%] [32m[1mLinking CXX executable arm_mocap_pubsub[0m
[100%] Built target arm_mocap_pubsub
-- Install configuration: ""
-- Installing: /home/jeevan/Developer/Soft-Robotic-Arm/install/arm_vrpn_pubsub/lib/arm_vrpn_pubsub/arm_mocap_pubsub
-- Set runtime path of "/home/jeevan/Developer/Soft-Robotic-Arm/install/arm_vrpn_pubsub/lib/arm_vrpn_pubsub/arm_mocap_pubsub" to ""
-- Installing: /home/jeevan/Developer/Soft-Robotic-Arm/install/arm_vrpn_pubsub/share/ament_index/resource_index/package_run_dependencies/arm_vrpn_pubsub
-- Installing: /home/jeevan/Developer/Soft-Robotic-Arm/install/arm_vrpn_pubsub/share/ament_index/resource_index/parent_prefix_path/arm_vrpn_pubsub
-- Installing: /home/jeevan/Developer/Soft-Robotic-Arm/install/arm_vrpn_pubsub/share/arm_vrpn_pubsub/environment/ament_prefix_path.sh
-- Installing: /home/jeevan/Developer/Soft-Robotic-Arm/install/arm_vrpn_pubsub/share/arm_vrpn_pubsub/environment/ament_prefix_path.dsv
-- Installing: /home/jeevan/Developer/Soft-Robotic-Arm/install/arm_vrpn_pubsub/share/arm_vrpn_pubsub/environment/path.sh
-- Installing: /home/jeevan/Developer/Soft-Robotic-Arm/install/arm_vrpn_pubsub/share/arm_vrpn_pubsub/environment/path.dsv
-- Installing: /home/jeevan/Developer/Soft-Robotic-Arm/install/arm_vrpn_pubsub/share/arm_vrpn_pubsub/local_setup.bash
-- Installing: /home/jeevan/Developer/Soft-Robotic-Arm/install/arm_vrpn_pubsub/share/arm_vrpn_pubsub/local_setup.sh
-- Installing: /home/jeevan/Developer/Soft-Robotic-Arm/install/arm_vrpn_pubsub/share/arm_vrpn_pubsub/local_setup.zsh
-- Installing: /home/jeevan/Developer/Soft-Robotic-Arm/install/arm_vrpn_pubsub/share/arm_vrpn_pubsub/local_setup.dsv
-- Installing: /home/jeevan/Developer/Soft-Robotic-Arm/install/arm_vrpn_pubsub/share/arm_vrpn_pubsub/package.dsv
-- Installing: /home/jeevan/Developer/Soft-Robotic-Arm/install/arm_vrpn_pubsub/share/ament_index/resource_index/packages/arm_vrpn_pubsub
-- Installing: /home/jeevan/Developer/Soft-Robotic-Arm/install/arm_vrpn_pubsub/share/arm_vrpn_pubsub/cmake/arm_vrpn_pubsubConfig.cmake
-- Installing: /home/jeevan/Developer/Soft-Robotic-Arm/install/arm_vrpn_pubsub/share/arm_vrpn_pubsub/cmake/arm_vrpn_pubsubConfig-version.cmake
-- Installing: /home/jeevan/Developer/Soft-Robotic-Arm/install/arm_vrpn_pubsub/share/arm_vrpn_pubsub/package.xml
