[0.028s] Invoking command in '/home/jeevan/Developer/Soft-Robotic-Arm/build/arm_vrpn_pubsub': CMAKE_PREFIX_PATH=/opt/ros/humble /usr/bin/cmake /home/jeevan/Developer/Soft-Robotic-Arm/colcon_ws/src/arm_vrpn-main -DCMAKE_INSTALL_PREFIX=/home/jeevan/Developer/Soft-Robotic-Arm/install/arm_vrpn_pubsub
[0.323s] -- The C compiler identification is GNU 11.4.0
[0.474s] -- The CXX compiler identification is GNU 11.4.0
[0.488s] -- Detecting C compiler ABI info
[0.602s] -- Detecting C compiler ABI info - done
[0.612s] -- Check for working C compiler: /usr/bin/cc - skipped
[0.627s] -- Detecting C compile features
[0.629s] -- Detecting C compile features - done
[0.635s] -- Detecting CXX compiler ABI info
[0.769s] -- Detecting CXX compiler ABI info - done
[0.780s] -- Check for working CXX compiler: /usr/bin/c++ - skipped
[0.780s] -- Detecting CXX compile features
[0.781s] -- Detecting CXX compile features - done
[0.794s] -- Found ament_cmake: 1.3.12 (/opt/ros/humble/share/ament_cmake/cmake)
[1.036s] -- Found Python3: /usr/bin/python3 (found version "3.10.12") found components: Interpreter 
[1.210s] -- Found std_msgs: 4.9.0 (/opt/ros/humble/share/std_msgs/cmake)
[1.283s] -- Found rosidl_generator_c: 3.1.7 (/opt/ros/humble/share/rosidl_generator_c/cmake)
[1.291s] -- Found rosidl_adapter: 3.1.7 (/opt/ros/humble/share/rosidl_adapter/cmake)
[1.306s] -- Found rosidl_generator_cpp: 3.1.7 (/opt/ros/humble/share/rosidl_generator_cpp/cmake)
[1.332s] -- Using all available rosidl_typesupport_c: rosidl_typesupport_fastrtps_c;rosidl_typesupport_introspection_c
[1.364s] -- Using all available rosidl_typesupport_cpp: rosidl_typesupport_fastrtps_cpp;rosidl_typesupport_introspection_cpp
[1.422s] -- Found geometry_msgs: 4.9.0 (/opt/ros/humble/share/geometry_msgs/cmake)
[1.452s] -- Found tf2: 0.25.17 (/opt/ros/humble/share/tf2/cmake)
[1.473s] -- Found tf2_ros: 0.25.17 (/opt/ros/humble/share/tf2_ros/cmake)
[1.608s] -- Found rmw_implementation_cmake: 6.1.2 (/opt/ros/humble/share/rmw_implementation_cmake/cmake)
[1.613s] -- Found rmw_fastrtps_cpp: 6.2.9 (/opt/ros/humble/share/rmw_fastrtps_cpp/cmake)
[1.762s] -- Found OpenSSL: /usr/lib/x86_64-linux-gnu/libcrypto.so (found version "3.0.2")  
[1.795s] -- Found FastRTPS: /opt/ros/humble/include  
[1.848s] -- Using RMW implementation 'rmw_fastrtps_cpp' as default
[1.862s] -- Looking for pthread.h
[1.986s] -- Looking for pthread.h - found
[1.986s] -- Performing Test CMAKE_HAVE_LIBC_PTHREAD
[2.096s] -- Performing Test CMAKE_HAVE_LIBC_PTHREAD - Success
[2.097s] -- Found Threads: TRUE  
[2.861s] -- Configuring done
[2.907s] -- Generating done
[2.918s] -- Build files have been written to: /home/jeevan/Developer/Soft-Robotic-Arm/build/arm_vrpn_pubsub
[2.939s] Invoked command in '/home/jeevan/Developer/Soft-Robotic-Arm/build/arm_vrpn_pubsub' returned '0': CMAKE_PREFIX_PATH=/opt/ros/humble /usr/bin/cmake /home/jeevan/Developer/Soft-Robotic-Arm/colcon_ws/src/arm_vrpn-main -DCMAKE_INSTALL_PREFIX=/home/jeevan/Developer/Soft-Robotic-Arm/install/arm_vrpn_pubsub
[2.944s] Invoking command in '/home/jeevan/Developer/Soft-Robotic-Arm/build/arm_vrpn_pubsub': CMAKE_PREFIX_PATH=/opt/ros/humble /usr/bin/cmake --build /home/jeevan/Developer/Soft-Robotic-Arm/build/arm_vrpn_pubsub -- -j4 -l4
[3.015s] [ 50%] [32mBuilding CXX object CMakeFiles/arm_mocap_pubsub.dir/src/arm_mocap_pubsub.cpp.o[0m
[7.390s] [01m[K/home/jeevan/Developer/Soft-Robotic-Arm/colcon_ws/src/arm_vrpn-main/src/arm_mocap_pubsub.cpp:[m[K In member function ‘[01m[Kvoid Mocapzmq_pub::topic_callback1(geometry_msgs::msg::PoseStamped_<std::allocator<void> >::SharedPtr)[m[K’:
[7.390s] [01m[K/home/jeevan/Developer/Soft-Robotic-Arm/colcon_ws/src/arm_vrpn-main/src/arm_mocap_pubsub.cpp:86:21:[m[K [01;35m[Kwarning: [m[K‘[01m[Kbool zmq::detail::socket_base::send(zmq::message_t&, int)[m[K’ is deprecated: from 4.3.1, use send taking message_t and send_flags [[01;35m[K]8;;https://gcc.gnu.org/onlinedocs/gcc/Warning-Options.html#index-Wdeprecated-declarations-Wdeprecated-declarations]8;;[m[K]
[7.391s]    86 |       [01;35m[Kpublisher.send(message)[m[K;
[7.391s]       |       [01;35m[K~~~~~~~~~~~~~~^~~~~~~~~[m[K
[7.391s] In file included from [01m[K/home/jeevan/Developer/Soft-Robotic-Arm/colcon_ws/src/arm_vrpn-main/src/arm_mocap_pubsub.cpp:10[m[K:
[7.391s] [01m[K/usr/local/include/zmq.hpp:1928:10:[m[K [01;36m[Knote: [m[Kdeclared here
[7.391s]  1928 |     bool [01;36m[Ksend[m[K(message_t &msg_,
[7.391s]       |          [01;36m[K^~~~[m[K
[7.391s] [01m[K/home/jeevan/Developer/Soft-Robotic-Arm/colcon_ws/src/arm_vrpn-main/src/arm_mocap_pubsub.cpp:73:13:[m[K [01;35m[Kwarning: [m[Kunused variable ‘[01m[Kdata[m[K’ [[01;35m[K]8;;https://gcc.gnu.org/onlinedocs/gcc/Warning-Options.html#index-Wunused-variable-Wunused-variable]8;;[m[K]
[7.391s]    73 |       float [01;35m[Kdata[m[K[21] = {x1_mocap,y1_mocap,z1_mocap,
[7.391s]       |             [01;35m[K^~~~[m[K
[17.961s] [100%] [32m[1mLinking CXX executable arm_mocap_pubsub[0m
[19.012s] [100%] Built target arm_mocap_pubsub
[19.036s] Invoked command in '/home/jeevan/Developer/Soft-Robotic-Arm/build/arm_vrpn_pubsub' returned '0': CMAKE_PREFIX_PATH=/opt/ros/humble /usr/bin/cmake --build /home/jeevan/Developer/Soft-Robotic-Arm/build/arm_vrpn_pubsub -- -j4 -l4
[19.055s] Invoking command in '/home/jeevan/Developer/Soft-Robotic-Arm/build/arm_vrpn_pubsub': CMAKE_PREFIX_PATH=/opt/ros/humble /usr/bin/cmake --install /home/jeevan/Developer/Soft-Robotic-Arm/build/arm_vrpn_pubsub
[19.065s] -- Install configuration: ""
[19.065s] -- Installing: /home/jeevan/Developer/Soft-Robotic-Arm/install/arm_vrpn_pubsub/lib/arm_vrpn_pubsub/arm_mocap_pubsub
[19.069s] -- Set runtime path of "/home/jeevan/Developer/Soft-Robotic-Arm/install/arm_vrpn_pubsub/lib/arm_vrpn_pubsub/arm_mocap_pubsub" to ""
[19.069s] -- Installing: /home/jeevan/Developer/Soft-Robotic-Arm/install/arm_vrpn_pubsub/share/ament_index/resource_index/package_run_dependencies/arm_vrpn_pubsub
[19.069s] -- Installing: /home/jeevan/Developer/Soft-Robotic-Arm/install/arm_vrpn_pubsub/share/ament_index/resource_index/parent_prefix_path/arm_vrpn_pubsub
[19.069s] -- Installing: /home/jeevan/Developer/Soft-Robotic-Arm/install/arm_vrpn_pubsub/share/arm_vrpn_pubsub/environment/ament_prefix_path.sh
[19.070s] -- Installing: /home/jeevan/Developer/Soft-Robotic-Arm/install/arm_vrpn_pubsub/share/arm_vrpn_pubsub/environment/ament_prefix_path.dsv
[19.070s] -- Installing: /home/jeevan/Developer/Soft-Robotic-Arm/install/arm_vrpn_pubsub/share/arm_vrpn_pubsub/environment/path.sh
[19.070s] -- Installing: /home/jeevan/Developer/Soft-Robotic-Arm/install/arm_vrpn_pubsub/share/arm_vrpn_pubsub/environment/path.dsv
[19.070s] -- Installing: /home/jeevan/Developer/Soft-Robotic-Arm/install/arm_vrpn_pubsub/share/arm_vrpn_pubsub/local_setup.bash
[19.070s] -- Installing: /home/jeevan/Developer/Soft-Robotic-Arm/install/arm_vrpn_pubsub/share/arm_vrpn_pubsub/local_setup.sh
[19.071s] -- Installing: /home/jeevan/Developer/Soft-Robotic-Arm/install/arm_vrpn_pubsub/share/arm_vrpn_pubsub/local_setup.zsh
[19.071s] -- Installing: /home/jeevan/Developer/Soft-Robotic-Arm/install/arm_vrpn_pubsub/share/arm_vrpn_pubsub/local_setup.dsv
[19.071s] -- Installing: /home/jeevan/Developer/Soft-Robotic-Arm/install/arm_vrpn_pubsub/share/arm_vrpn_pubsub/package.dsv
[19.071s] -- Installing: /home/jeevan/Developer/Soft-Robotic-Arm/install/arm_vrpn_pubsub/share/ament_index/resource_index/packages/arm_vrpn_pubsub
[19.071s] -- Installing: /home/jeevan/Developer/Soft-Robotic-Arm/install/arm_vrpn_pubsub/share/arm_vrpn_pubsub/cmake/arm_vrpn_pubsubConfig.cmake
[19.072s] -- Installing: /home/jeevan/Developer/Soft-Robotic-Arm/install/arm_vrpn_pubsub/share/arm_vrpn_pubsub/cmake/arm_vrpn_pubsubConfig-version.cmake
[19.072s] -- Installing: /home/jeevan/Developer/Soft-Robotic-Arm/install/arm_vrpn_pubsub/share/arm_vrpn_pubsub/package.xml
[19.076s] Invoked command in '/home/jeevan/Developer/Soft-Robotic-Arm/build/arm_vrpn_pubsub' returned '0': CMAKE_PREFIX_PATH=/opt/ros/humble /usr/bin/cmake --install /home/jeevan/Developer/Soft-Robotic-Arm/build/arm_vrpn_pubsub
