[0.061s] Invoking command in '/home/jeevan/Developer/Soft-Robotic-Arm/build/arm_vrpn_pubsub': CMAKE_PREFIX_PATH=/opt/ros/humble /usr/bin/cmake --build /home/jeevan/Developer/Soft-Robotic-Arm/build/arm_vrpn_pubsub -- -j4 -l4
[0.831s] [35m[1mConsolidate compiler generated dependencies of target arm_mocap_pubsub[0m
[0.831s] [100%] Built target arm_mocap_pubsub
[0.839s] Invoked command in '/home/jeevan/Developer/Soft-Robotic-Arm/build/arm_vrpn_pubsub' returned '0': CMAKE_PREFIX_PATH=/opt/ros/humble /usr/bin/cmake --build /home/jeevan/Developer/Soft-Robotic-Arm/build/arm_vrpn_pubsub -- -j4 -l4
[0.892s] Invoking command in '/home/jeevan/Developer/Soft-Robotic-Arm/build/arm_vrpn_pubsub': CMAKE_PREFIX_PATH=/opt/ros/humble /usr/bin/cmake --install /home/jeevan/Developer/Soft-Robotic-Arm/build/arm_vrpn_pubsub
[0.913s] -- Install configuration: ""
[0.920s] -- Up-to-date: /home/jeevan/Developer/Soft-Robotic-Arm/install/arm_vrpn_pubsub/lib/arm_vrpn_pubsub/arm_mocap_pubsub
[0.923s] -- Up-to-date: /home/jeevan/Developer/Soft-Robotic-Arm/install/arm_vrpn_pubsub/share/ament_index/resource_index/package_run_dependencies/arm_vrpn_pubsub
[0.923s] -- Up-to-date: /home/jeevan/Developer/Soft-Robotic-Arm/install/arm_vrpn_pubsub/share/ament_index/resource_index/parent_prefix_path/arm_vrpn_pubsub
[0.930s] -- Up-to-date: /home/jeevan/Developer/Soft-Robotic-Arm/install/arm_vrpn_pubsub/share/arm_vrpn_pubsub/environment/ament_prefix_path.sh
[0.930s] -- Up-to-date: /home/jeevan/Developer/Soft-Robotic-Arm/install/arm_vrpn_pubsub/share/arm_vrpn_pubsub/environment/ament_prefix_path.dsv
[0.930s] -- Up-to-date: /home/jeevan/Developer/Soft-Robotic-Arm/install/arm_vrpn_pubsub/share/arm_vrpn_pubsub/environment/path.sh
[0.931s] -- Up-to-date: /home/jeevan/Developer/Soft-Robotic-Arm/install/arm_vrpn_pubsub/share/arm_vrpn_pubsub/environment/path.dsv
[0.931s] -- Up-to-date: /home/jeevan/Developer/Soft-Robotic-Arm/install/arm_vrpn_pubsub/share/arm_vrpn_pubsub/local_setup.bash
[0.931s] -- Up-to-date: /home/jeevan/Developer/Soft-Robotic-Arm/install/arm_vrpn_pubsub/share/arm_vrpn_pubsub/local_setup.sh
[0.931s] -- Up-to-date: /home/jeevan/Developer/Soft-Robotic-Arm/install/arm_vrpn_pubsub/share/arm_vrpn_pubsub/local_setup.zsh
[0.932s] -- Up-to-date: /home/jeevan/Developer/Soft-Robotic-Arm/install/arm_vrpn_pubsub/share/arm_vrpn_pubsub/local_setup.dsv
[0.932s] -- Installing: /home/jeevan/Developer/Soft-Robotic-Arm/install/arm_vrpn_pubsub/share/arm_vrpn_pubsub/package.dsv
[0.933s] -- Up-to-date: /home/jeevan/Developer/Soft-Robotic-Arm/install/arm_vrpn_pubsub/share/ament_index/resource_index/packages/arm_vrpn_pubsub
[0.933s] -- Up-to-date: /home/jeevan/Developer/Soft-Robotic-Arm/install/arm_vrpn_pubsub/share/arm_vrpn_pubsub/cmake/arm_vrpn_pubsubConfig.cmake
[0.933s] -- Up-to-date: /home/jeevan/Developer/Soft-Robotic-Arm/install/arm_vrpn_pubsub/share/arm_vrpn_pubsub/cmake/arm_vrpn_pubsubConfig-version.cmake
[0.934s] -- Installing: /home/jeevan/Developer/Soft-Robotic-Arm/install/arm_vrpn_pubsub/share/arm_vrpn_pubsub/package.xml
[0.942s] Invoked command in '/home/jeevan/Developer/Soft-Robotic-Arm/build/arm_vrpn_pubsub' returned '0': CMAKE_PREFIX_PATH=/opt/ros/humble /usr/bin/cmake --install /home/jeevan/Developer/Soft-Robotic-Arm/build/arm_vrpn_pubsub
